  [1m[35m (11.4ms)[0m  [1m[34mSELECT sqlite_version(*)[0m
  [1m[35m (1.7ms)[0m  [1m[35mCREATE TABLE "schema_migrations" ("version" varchar NOT NULL PRIMARY KEY)[0m
  [1m[35m (1.4ms)[0m  [1m[35mCREATE TABLE "ar_internal_metadata" ("key" varchar NOT NULL PRIMARY KEY, "value" varchar, "created_at" datetime(6) NOT NULL, "updated_at" datetime(6) NOT NULL)[0m
  [1m[35m (0.1ms)[0m  [1m[34mSELECT "schema_migrations"."version" FROM "schema_migrations" ORDER BY "schema_migrations"."version" ASC[0m
Migrating to CreateUsers (20210217153315)
  [1m[35m (0.1ms)[0m  [1m[36mbegin transaction[0m
  [1m[35m (0.4ms)[0m  [1m[35mCREATE TABLE "users" ("id" integer PRIMARY KEY AUTOINCREMENT NOT NULL, "name" varchar, "created_at" datetime(6) NOT NULL, "updated_at" datetime(6) NOT NULL)[0m
  [1m[36mprimary::SchemaMigration Create (0.2ms)[0m  [1m[32mINSERT INTO "schema_migrations" ("version") VALUES (?)[0m  [["version", "20210217153315"]]
  [1m[35m (0.8ms)[0m  [1m[36mcommit transaction[0m
Migrating to CreateDestinations (20210217204508)
  [1m[35m (0.0ms)[0m  [1m[36mbegin transaction[0m
  [1m[35m (0.4ms)[0m  [1m[35mCREATE TABLE "destinations" ("id" integer PRIMARY KEY AUTOINCREMENT NOT NULL, "city" varchar, "country" varchar, "importance" integer, "user_id" integer, "created_at" datetime(6) NOT NULL, "updated_at" datetime(6) NOT NULL)[0m
  [1m[36mprimary::SchemaMigration Create (0.2ms)[0m  [1m[32mINSERT INTO "schema_migrations" ("version") VALUES (?)[0m  [["version", "20210217204508"]]
  [1m[35m (0.9ms)[0m  [1m[36mcommit transaction[0m
  [1m[36mActiveRecord::InternalMetadata Load (0.3ms)[0m  [1m[34mSELECT "ar_internal_metadata".* FROM "ar_internal_metadata" WHERE "ar_internal_metadata"."key" = ? LIMIT ?[0m  [["key", "environment"], ["LIMIT", 1]]
  [1m[35m (0.0ms)[0m  [1m[36mbegin transaction[0m
  [1m[36mActiveRecord::InternalMetadata Create (0.3ms)[0m  [1m[32mINSERT INTO "ar_internal_metadata" ("key", "value", "created_at", "updated_at") VALUES (?, ?, ?, ?)[0m  [["key", "environment"], ["value", "development"], ["created_at", "2021-02-18 01:44:50.716229"], ["updated_at", "2021-02-18 01:44:50.716229"]]
  [1m[35m (1.3ms)[0m  [1m[36mcommit transaction[0m
  [1m[35m (0.0ms)[0m  [1m[34mSELECT sqlite_version(*)[0m
  [1m[35m (0.2ms)[0m  [1m[34mSELECT "schema_migrations"."version" FROM "schema_migrations" ORDER BY "schema_migrations"."version" ASC[0m
Started GET "/gifts" for ::1 at 2021-02-17 19:03:18 -0700
  [1m[35m (1.1ms)[0m  [1m[34mSELECT sqlite_version(*)[0m
  [1m[35m (0.5ms)[0m  [1m[34mSELECT "schema_migrations"."version" FROM "schema_migrations" ORDER BY "schema_migrations"."version" ASC[0m
  
ActionController::RoutingError (No route matches [GET] "/gifts"):
  
actionpack (6.0.3.5) lib/action_dispatch/middleware/debug_exceptions.rb:36:in `call'
actionpack (6.0.3.5) lib/action_dispatch/middleware/show_exceptions.rb:33:in `call'
railties (6.0.3.5) lib/rails/rack/logger.rb:37:in `call_app'
railties (6.0.3.5) lib/rails/rack/logger.rb:26:in `block in call'
activesupport (6.0.3.5) lib/active_support/tagged_logging.rb:80:in `block in tagged'
activesupport (6.0.3.5) lib/active_support/tagged_logging.rb:28:in `tagged'
activesupport (6.0.3.5) lib/active_support/tagged_logging.rb:80:in `tagged'
railties (6.0.3.5) lib/rails/rack/logger.rb:26:in `call'
actionpack (6.0.3.5) lib/action_dispatch/middleware/remote_ip.rb:81:in `call'
actionpack (6.0.3.5) lib/action_dispatch/middleware/request_id.rb:27:in `call'
rack (2.2.3) lib/rack/runtime.rb:22:in `call'
activesupport (6.0.3.5) lib/active_support/cache/strategy/local_cache_middleware.rb:29:in `call'
actionpack (6.0.3.5) lib/action_dispatch/middleware/executor.rb:14:in `call'
actionpack (6.0.3.5) lib/action_dispatch/middleware/static.rb:126:in `call'
rack (2.2.3) lib/rack/sendfile.rb:110:in `call'
actionpack (6.0.3.5) lib/action_dispatch/middleware/host_authorization.rb:82:in `call'
rack-cors (1.1.1) lib/rack/cors.rb:100:in `call'
railties (6.0.3.5) lib/rails/engine.rb:527:in `call'
puma (4.3.7) lib/puma/configuration.rb:228:in `call'
puma (4.3.7) lib/puma/server.rb:713:in `handle_request'
puma (4.3.7) lib/puma/server.rb:472:in `process_client'
puma (4.3.7) lib/puma/server.rb:328:in `block in run'
puma (4.3.7) lib/puma/thread_pool.rb:134:in `block in spawn_thread'
Started GET "/" for ::1 at 2021-02-17 19:03:24 -0700
Processing by Rails::WelcomeController#index as HTML
  Rendering /Users/sarah/.rvm/gems/ruby-2.6.1/gems/railties-6.0.3.5/lib/rails/templates/rails/welcome/index.html.erb
  Rendered /Users/sarah/.rvm/gems/ruby-2.6.1/gems/railties-6.0.3.5/lib/rails/templates/rails/welcome/index.html.erb (Duration: 7.0ms | Allocations: 197)
Completed 200 OK in 9ms (Views: 7.6ms | ActiveRecord: 0.0ms | Allocations: 872)


Started GET "/destinations" for ::1 at 2021-02-17 19:03:31 -0700
Processing by DestinationsController#index as HTML
  [1m[36mDestination Load (3.7ms)[0m  [1m[34mSELECT "destinations".* FROM "destinations"[0m
  ↳ app/controllers/destinations_controller.rb:4:in `index'
Completed 200 OK in 12ms (Views: 3.9ms | ActiveRecord: 4.1ms | Allocations: 1818)


Started GET "/users/1/destinations" for ::1 at 2021-02-17 19:22:07 -0700
  [1m[35m (0.2ms)[0m  [1m[34mSELECT sqlite_version(*)[0m
  
ActionController::RoutingError (No route matches [GET] "/users/1/destinations"):
  
actionpack (6.0.3.5) lib/action_dispatch/middleware/debug_exceptions.rb:36:in `call'
actionpack (6.0.3.5) lib/action_dispatch/middleware/show_exceptions.rb:33:in `call'
railties (6.0.3.5) lib/rails/rack/logger.rb:37:in `call_app'
railties (6.0.3.5) lib/rails/rack/logger.rb:26:in `block in call'
activesupport (6.0.3.5) lib/active_support/tagged_logging.rb:80:in `block in tagged'
activesupport (6.0.3.5) lib/active_support/tagged_logging.rb:28:in `tagged'
activesupport (6.0.3.5) lib/active_support/tagged_logging.rb:80:in `tagged'
railties (6.0.3.5) lib/rails/rack/logger.rb:26:in `call'
actionpack (6.0.3.5) lib/action_dispatch/middleware/remote_ip.rb:81:in `call'
actionpack (6.0.3.5) lib/action_dispatch/middleware/request_id.rb:27:in `call'
rack (2.2.3) lib/rack/runtime.rb:22:in `call'
activesupport (6.0.3.5) lib/active_support/cache/strategy/local_cache_middleware.rb:29:in `call'
actionpack (6.0.3.5) lib/action_dispatch/middleware/executor.rb:14:in `call'
actionpack (6.0.3.5) lib/action_dispatch/middleware/static.rb:126:in `call'
rack (2.2.3) lib/rack/sendfile.rb:110:in `call'
actionpack (6.0.3.5) lib/action_dispatch/middleware/host_authorization.rb:82:in `call'
rack-cors (1.1.1) lib/rack/cors.rb:100:in `call'
railties (6.0.3.5) lib/rails/engine.rb:527:in `call'
puma (4.3.7) lib/puma/configuration.rb:228:in `call'
puma (4.3.7) lib/puma/server.rb:713:in `handle_request'
puma (4.3.7) lib/puma/server.rb:472:in `process_client'
puma (4.3.7) lib/puma/server.rb:328:in `block in run'
puma (4.3.7) lib/puma/thread_pool.rb:134:in `block in spawn_thread'
Started GET "/users" for ::1 at 2021-02-17 19:22:21 -0700
Processing by UsersController#index as HTML
Completed 204 No Content in 0ms (ActiveRecord: 0.0ms | Allocations: 41)


Started GET "/users" for ::1 at 2021-02-17 19:22:30 -0700
Processing by UsersController#index as HTML
Completed 204 No Content in 0ms (ActiveRecord: 0.0ms | Allocations: 25)


Started GET "/destinations" for ::1 at 2021-02-17 19:22:40 -0700
Processing by DestinationsController#index as HTML
  [1m[36mDestination Load (0.5ms)[0m  [1m[34mSELECT "destinations".* FROM "destinations"[0m
  ↳ app/controllers/destinations_controller.rb:4:in `index'
Completed 200 OK in 4ms (Views: 3.4ms | ActiveRecord: 0.5ms | Allocations: 836)


  [1m[35m (1.6ms)[0m  [1m[34mSELECT sqlite_version(*)[0m
  [1m[35m (0.5ms)[0m  [1m[34mSELECT "schema_migrations"."version" FROM "schema_migrations" ORDER BY "schema_migrations"."version" ASC[0m
  [1m[35m (0.0ms)[0m  [1m[34mSELECT sqlite_version(*)[0m
  [1m[35m (0.0ms)[0m  [1m[36mbegin transaction[0m
  [1m[36mUser Create (1.3ms)[0m  [1m[32mINSERT INTO "users" ("name", "created_at", "updated_at") VALUES (?, ?, ?)[0m  [["name", "Sarah"], ["created_at", "2021-02-18 02:24:26.740845"], ["updated_at", "2021-02-18 02:24:26.740845"]]
  [1m[35m (2.8ms)[0m  [1m[36mcommit transaction[0m
  [1m[35m (0.0ms)[0m  [1m[36mbegin transaction[0m
  [1m[36mUser Create (0.3ms)[0m  [1m[32mINSERT INTO "users" ("name", "created_at", "updated_at") VALUES (?, ?, ?)[0m  [["name", "Jordan"], ["created_at", "2021-02-18 02:24:26.748107"], ["updated_at", "2021-02-18 02:24:26.748107"]]
  [1m[35m (0.8ms)[0m  [1m[36mcommit transaction[0m
  [1m[35m (0.0ms)[0m  [1m[36mbegin transaction[0m
  [1m[36mUser Create (0.3ms)[0m  [1m[32mINSERT INTO "users" ("name", "created_at", "updated_at") VALUES (?, ?, ?)[0m  [["name", "Mackenzie"], ["created_at", "2021-02-18 02:24:26.751863"], ["updated_at", "2021-02-18 02:24:26.751863"]]
  [1m[35m (1.3ms)[0m  [1m[36mcommit transaction[0m
  [1m[35m (1.5ms)[0m  [1m[34mSELECT sqlite_version(*)[0m
  [1m[35m (0.2ms)[0m  [1m[34mSELECT "schema_migrations"."version" FROM "schema_migrations" ORDER BY "schema_migrations"."version" ASC[0m
  [1m[35m (0.1ms)[0m  [1m[34mSELECT sqlite_version(*)[0m
  [1m[35m (0.0ms)[0m  [1m[36mbegin transaction[0m
  [1m[36mUser Create (0.4ms)[0m  [1m[32mINSERT INTO "users" ("name", "created_at", "updated_at") VALUES (?, ?, ?)[0m  [["name", "Sarah"], ["created_at", "2021-02-18 02:28:17.205328"], ["updated_at", "2021-02-18 02:28:17.205328"]]
  [1m[35m (0.7ms)[0m  [1m[36mcommit transaction[0m
  [1m[35m (0.0ms)[0m  [1m[36mbegin transaction[0m
  [1m[36mUser Create (0.3ms)[0m  [1m[32mINSERT INTO "users" ("name", "created_at", "updated_at") VALUES (?, ?, ?)[0m  [["name", "Jordan"], ["created_at", "2021-02-18 02:28:17.213358"], ["updated_at", "2021-02-18 02:28:17.213358"]]
  [1m[35m (1.3ms)[0m  [1m[36mcommit transaction[0m
  [1m[35m (1.2ms)[0m  [1m[36mbegin transaction[0m
  [1m[36mUser Create (0.3ms)[0m  [1m[32mINSERT INTO "users" ("name", "created_at", "updated_at") VALUES (?, ?, ?)[0m  [["name", "Mackenzie"], ["created_at", "2021-02-18 02:28:17.222235"], ["updated_at", "2021-02-18 02:28:17.222235"]]
  [1m[35m (1.2ms)[0m  [1m[36mcommit transaction[0m
  [1m[35m (0.3ms)[0m  [1m[34mSELECT sqlite_version(*)[0m
  [1m[35m (0.1ms)[0m  [1m[34mSELECT "schema_migrations"."version" FROM "schema_migrations" ORDER BY "schema_migrations"."version" ASC[0m
  [1m[35m (0.0ms)[0m  [1m[34mSELECT sqlite_version(*)[0m
  [1m[35m (0.0ms)[0m  [1m[36mbegin transaction[0m
  [1m[36mUser Create (0.4ms)[0m  [1m[32mINSERT INTO "users" ("name", "created_at", "updated_at") VALUES (?, ?, ?)[0m  [["name", "Sarah"], ["created_at", "2021-02-18 02:28:35.268278"], ["updated_at", "2021-02-18 02:28:35.268278"]]
  [1m[35m (1.2ms)[0m  [1m[36mcommit transaction[0m
  [1m[35m (0.0ms)[0m  [1m[36mbegin transaction[0m
  [1m[36mUser Create (0.3ms)[0m  [1m[32mINSERT INTO "users" ("name", "created_at", "updated_at") VALUES (?, ?, ?)[0m  [["name", "Jordan"], ["created_at", "2021-02-18 02:28:35.272703"], ["updated_at", "2021-02-18 02:28:35.272703"]]
  [1m[35m (1.3ms)[0m  [1m[36mcommit transaction[0m
  [1m[35m (0.0ms)[0m  [1m[36mbegin transaction[0m
  [1m[36mUser Create (0.3ms)[0m  [1m[32mINSERT INTO "users" ("name", "created_at", "updated_at") VALUES (?, ?, ?)[0m  [["name", "Mackenzie"], ["created_at", "2021-02-18 02:28:35.277460"], ["updated_at", "2021-02-18 02:28:35.277460"]]
  [1m[35m (0.9ms)[0m  [1m[36mcommit transaction[0m
  [1m[35m (1.5ms)[0m  [1m[34mSELECT sqlite_version(*)[0m
  [1m[35m (0.1ms)[0m  [1m[36mbegin transaction[0m
  [1m[36mUser Create (0.8ms)[0m  [1m[32mINSERT INTO "users" ("name", "created_at", "updated_at") VALUES (?, ?, ?)[0m  [["name", "Sarah"], ["created_at", "2021-02-18 02:30:09.517264"], ["updated_at", "2021-02-18 02:30:09.517264"]]
  [1m[35m (0.8ms)[0m  [1m[36mcommit transaction[0m
  [1m[36mUser Load (0.3ms)[0m  [1m[34mSELECT "users".* FROM "users" LIMIT ?[0m  [["LIMIT", 11]]
  [1m[35m (1.1ms)[0m  [1m[34mSELECT sqlite_version(*)[0m
  [1m[35m (0.2ms)[0m  [1m[34mSELECT "schema_migrations"."version" FROM "schema_migrations" ORDER BY "schema_migrations"."version" ASC[0m
  [1m[35m (0.2ms)[0m  [1m[34mSELECT "ar_internal_metadata"."value" FROM "ar_internal_metadata" WHERE "ar_internal_metadata"."key" = ?[0m  [["key", "environment"]]
  [1m[35m (0.1ms)[0m  [1m[34mSELECT "schema_migrations"."version" FROM "schema_migrations" ORDER BY "schema_migrations"."version" ASC[0m
  [1m[35m (0.1ms)[0m  [1m[34mSELECT "ar_internal_metadata"."value" FROM "ar_internal_metadata" WHERE "ar_internal_metadata"."key" = ?[0m  [["key", "environment"]]
  [1m[35m (0.1ms)[0m  [1m[34mSELECT "schema_migrations"."version" FROM "schema_migrations" ORDER BY "schema_migrations"."version" ASC[0m
  [1m[35m (0.1ms)[0m  [1m[34mSELECT "ar_internal_metadata"."value" FROM "ar_internal_metadata" WHERE "ar_internal_metadata"."key" = ?[0m  [["key", "environment"]]
  [1m[35m (0.1ms)[0m  [1m[34mSELECT sqlite_version(*)[0m
  [1m[35m (0.0ms)[0m  [1m[34mSELECT sqlite_version(*)[0m
  [1m[35m (0.1ms)[0m  [1m[34mSELECT sqlite_version(*)[0m
  [1m[35m (0.2ms)[0m  [1m[35mDROP TABLE IF EXISTS "destinations"[0m
  [1m[35m (2.6ms)[0m  [1m[35mCREATE TABLE "destinations" ("id" integer PRIMARY KEY AUTOINCREMENT NOT NULL, "city" varchar, "country" varchar, "importance" integer, "user_id" integer, "created_at" datetime(6) NOT NULL, "updated_at" datetime(6) NOT NULL)[0m
  [1m[35m (0.2ms)[0m  [1m[35mDROP TABLE IF EXISTS "users"[0m
  [1m[35m (1.4ms)[0m  [1m[35mCREATE TABLE "users" ("id" integer PRIMARY KEY AUTOINCREMENT NOT NULL, "name" varchar, "created_at" datetime(6) NOT NULL, "updated_at" datetime(6) NOT NULL)[0m
  [1m[35m (1.8ms)[0m  [1m[35mCREATE TABLE "schema_migrations" ("version" varchar NOT NULL PRIMARY KEY)[0m
  [1m[35m (0.3ms)[0m  [1m[34mSELECT "schema_migrations"."version" FROM "schema_migrations" ORDER BY "schema_migrations"."version" ASC[0m
  [1m[35m (1.2ms)[0m  [1m[32mINSERT INTO "schema_migrations" (version) VALUES (20210217204508)[0m
  [1m[35m (1.6ms)[0m  [1m[32mINSERT INTO "schema_migrations" (version) VALUES
(20210217153315);

[0m
  [1m[35m (1.8ms)[0m  [1m[35mCREATE TABLE "ar_internal_metadata" ("key" varchar NOT NULL PRIMARY KEY, "value" varchar, "created_at" datetime(6) NOT NULL, "updated_at" datetime(6) NOT NULL)[0m
  [1m[36mActiveRecord::InternalMetadata Load (0.2ms)[0m  [1m[34mSELECT "ar_internal_metadata".* FROM "ar_internal_metadata" WHERE "ar_internal_metadata"."key" = ? LIMIT ?[0m  [["key", "environment"], ["LIMIT", 1]]
  [1m[35m (0.0ms)[0m  [1m[36mbegin transaction[0m
  [1m[36mActiveRecord::InternalMetadata Create (0.8ms)[0m  [1m[32mINSERT INTO "ar_internal_metadata" ("key", "value", "created_at", "updated_at") VALUES (?, ?, ?, ?)[0m  [["key", "environment"], ["value", "development"], ["created_at", "2021-02-18 02:34:57.381675"], ["updated_at", "2021-02-18 02:34:57.381675"]]
  [1m[35m (1.4ms)[0m  [1m[36mcommit transaction[0m
  [1m[36mActiveRecord::InternalMetadata Load (0.1ms)[0m  [1m[34mSELECT "ar_internal_metadata".* FROM "ar_internal_metadata" WHERE "ar_internal_metadata"."key" = ? LIMIT ?[0m  [["key", "environment"], ["LIMIT", 1]]
  [1m[36mActiveRecord::InternalMetadata Load (0.1ms)[0m  [1m[34mSELECT "ar_internal_metadata".* FROM "ar_internal_metadata" WHERE "ar_internal_metadata"."key" = ? LIMIT ?[0m  [["key", "schema_sha1"], ["LIMIT", 1]]
  [1m[35m (0.0ms)[0m  [1m[36mbegin transaction[0m
  [1m[36mActiveRecord::InternalMetadata Create (0.4ms)[0m  [1m[32mINSERT INTO "ar_internal_metadata" ("key", "value", "created_at", "updated_at") VALUES (?, ?, ?, ?)[0m  [["key", "schema_sha1"], ["value", "534eb5ab81f93de993ac70994a48e8c2ca2fe069"], ["created_at", "2021-02-18 02:34:57.404380"], ["updated_at", "2021-02-18 02:34:57.404380"]]
  [1m[35m (0.8ms)[0m  [1m[36mcommit transaction[0m
  [1m[35m (0.0ms)[0m  [1m[34mSELECT sqlite_version(*)[0m
  [1m[35m (0.1ms)[0m  [1m[35mDROP TABLE IF EXISTS "destinations"[0m
  [1m[35m (1.4ms)[0m  [1m[35mCREATE TABLE "destinations" ("id" integer PRIMARY KEY AUTOINCREMENT NOT NULL, "city" varchar, "country" varchar, "importance" integer, "user_id" integer, "created_at" datetime(6) NOT NULL, "updated_at" datetime(6) NOT NULL)[0m
  [1m[35m (0.1ms)[0m  [1m[35mDROP TABLE IF EXISTS "users"[0m
  [1m[35m (1.4ms)[0m  [1m[35mCREATE TABLE "users" ("id" integer PRIMARY KEY AUTOINCREMENT NOT NULL, "name" varchar, "created_at" datetime(6) NOT NULL, "updated_at" datetime(6) NOT NULL)[0m
  [1m[35m (1.5ms)[0m  [1m[35mCREATE TABLE "schema_migrations" ("version" varchar NOT NULL PRIMARY KEY)[0m
  [1m[35m (0.1ms)[0m  [1m[34mSELECT "schema_migrations"."version" FROM "schema_migrations" ORDER BY "schema_migrations"."version" ASC[0m
  [1m[35m (2.1ms)[0m  [1m[32mINSERT INTO "schema_migrations" (version) VALUES (20210217204508)[0m
  [1m[35m (2.6ms)[0m  [1m[32mINSERT INTO "schema_migrations" (version) VALUES
(20210217153315);

[0m
  [1m[35m (1.3ms)[0m  [1m[35mCREATE TABLE "ar_internal_metadata" ("key" varchar NOT NULL PRIMARY KEY, "value" varchar, "created_at" datetime(6) NOT NULL, "updated_at" datetime(6) NOT NULL)[0m
  [1m[36mActiveRecord::InternalMetadata Load (0.1ms)[0m  [1m[34mSELECT "ar_internal_metadata".* FROM "ar_internal_metadata" WHERE "ar_internal_metadata"."key" = ? LIMIT ?[0m  [["key", "environment"], ["LIMIT", 1]]
  [1m[35m (0.0ms)[0m  [1m[36mbegin transaction[0m
  [1m[36mActiveRecord::InternalMetadata Create (0.3ms)[0m  [1m[32mINSERT INTO "ar_internal_metadata" ("key", "value", "created_at", "updated_at") VALUES (?, ?, ?, ?)[0m  [["key", "environment"], ["value", "development"], ["created_at", "2021-02-18 02:34:57.442663"], ["updated_at", "2021-02-18 02:34:57.442663"]]
  [1m[35m (0.6ms)[0m  [1m[36mcommit transaction[0m
  [1m[36mActiveRecord::InternalMetadata Load (0.1ms)[0m  [1m[34mSELECT "ar_internal_metadata".* FROM "ar_internal_metadata" WHERE "ar_internal_metadata"."key" = ? LIMIT ?[0m  [["key", "environment"], ["LIMIT", 1]]
  [1m[35m (0.0ms)[0m  [1m[36mbegin transaction[0m
  [1m[36mActiveRecord::InternalMetadata Update (0.3ms)[0m  [1m[33mUPDATE "ar_internal_metadata" SET "value" = ?, "updated_at" = ? WHERE "ar_internal_metadata"."key" = ?[0m  [["value", "test"], ["updated_at", "2021-02-18 02:34:57.448494"], ["key", "environment"]]
  [1m[35m (0.6ms)[0m  [1m[36mcommit transaction[0m
  [1m[36mActiveRecord::InternalMetadata Load (0.1ms)[0m  [1m[34mSELECT "ar_internal_metadata".* FROM "ar_internal_metadata" WHERE "ar_internal_metadata"."key" = ? LIMIT ?[0m  [["key", "schema_sha1"], ["LIMIT", 1]]
  [1m[35m (0.0ms)[0m  [1m[36mbegin transaction[0m
  [1m[36mActiveRecord::InternalMetadata Create (0.3ms)[0m  [1m[32mINSERT INTO "ar_internal_metadata" ("key", "value", "created_at", "updated_at") VALUES (?, ?, ?, ?)[0m  [["key", "schema_sha1"], ["value", "534eb5ab81f93de993ac70994a48e8c2ca2fe069"], ["created_at", "2021-02-18 02:34:57.455021"], ["updated_at", "2021-02-18 02:34:57.455021"]]
  [1m[35m (0.6ms)[0m  [1m[36mcommit transaction[0m
  [1m[35m (0.0ms)[0m  [1m[34mSELECT sqlite_version(*)[0m
  [1m[35m (0.1ms)[0m  [1m[34mSELECT "schema_migrations"."version" FROM "schema_migrations" ORDER BY "schema_migrations"."version" ASC[0m
  [1m[35m (0.0ms)[0m  [1m[34mSELECT sqlite_version(*)[0m
  [1m[35m (0.0ms)[0m  [1m[36mbegin transaction[0m
  [1m[36mUser Create (0.3ms)[0m  [1m[32mINSERT INTO "users" ("name", "created_at", "updated_at") VALUES (?, ?, ?)[0m  [["name", "Sarah"], ["created_at", "2021-02-18 02:34:57.473196"], ["updated_at", "2021-02-18 02:34:57.473196"]]
  [1m[35m (0.8ms)[0m  [1m[36mcommit transaction[0m
  [1m[35m (0.0ms)[0m  [1m[36mbegin transaction[0m
  [1m[36mUser Create (0.3ms)[0m  [1m[32mINSERT INTO "users" ("name", "created_at", "updated_at") VALUES (?, ?, ?)[0m  [["name", "Jordan"], ["created_at", "2021-02-18 02:34:57.476948"], ["updated_at", "2021-02-18 02:34:57.476948"]]
  [1m[35m (1.3ms)[0m  [1m[36mcommit transaction[0m
  [1m[35m (0.1ms)[0m  [1m[36mbegin transaction[0m
  [1m[36mUser Create (0.3ms)[0m  [1m[32mINSERT INTO "users" ("name", "created_at", "updated_at") VALUES (?, ?, ?)[0m  [["name", "Mackenzie"], ["created_at", "2021-02-18 02:34:57.482037"], ["updated_at", "2021-02-18 02:34:57.482037"]]
  [1m[35m (0.8ms)[0m  [1m[36mcommit transaction[0m
  [1m[35m (1.5ms)[0m  [1m[34mSELECT sqlite_version(*)[0m
  [1m[35m (0.5ms)[0m  [1m[34mSELECT "schema_migrations"."version" FROM "schema_migrations" ORDER BY "schema_migrations"."version" ASC[0m
  [1m[35m (1.2ms)[0m  [1m[34mSELECT "ar_internal_metadata"."value" FROM "ar_internal_metadata" WHERE "ar_internal_metadata"."key" = ?[0m  [["key", "environment"]]
  [1m[35m (0.1ms)[0m  [1m[34mSELECT "schema_migrations"."version" FROM "schema_migrations" ORDER BY "schema_migrations"."version" ASC[0m
  [1m[35m (0.1ms)[0m  [1m[34mSELECT "ar_internal_metadata"."value" FROM "ar_internal_metadata" WHERE "ar_internal_metadata"."key" = ?[0m  [["key", "environment"]]
  [1m[35m (0.1ms)[0m  [1m[34mSELECT "schema_migrations"."version" FROM "schema_migrations" ORDER BY "schema_migrations"."version" ASC[0m
  [1m[35m (0.1ms)[0m  [1m[34mSELECT "ar_internal_metadata"."value" FROM "ar_internal_metadata" WHERE "ar_internal_metadata"."key" = ?[0m  [["key", "environment"]]
  [1m[35m (0.1ms)[0m  [1m[34mSELECT sqlite_version(*)[0m
  [1m[35m (0.0ms)[0m  [1m[34mSELECT sqlite_version(*)[0m
  [1m[35m (0.1ms)[0m  [1m[34mSELECT sqlite_version(*)[0m
  [1m[35m (0.2ms)[0m  [1m[35mDROP TABLE IF EXISTS "destinations"[0m
  [1m[35m (2.5ms)[0m  [1m[35mCREATE TABLE "destinations" ("id" integer PRIMARY KEY AUTOINCREMENT NOT NULL, "city" varchar, "country" varchar, "importance" integer, "user_id" integer, "created_at" datetime(6) NOT NULL, "updated_at" datetime(6) NOT NULL)[0m
  [1m[35m (0.4ms)[0m  [1m[35mDROP TABLE IF EXISTS "users"[0m
  [1m[35m (1.6ms)[0m  [1m[35mCREATE TABLE "users" ("id" integer PRIMARY KEY AUTOINCREMENT NOT NULL, "name" varchar, "created_at" datetime(6) NOT NULL, "updated_at" datetime(6) NOT NULL)[0m
  [1m[35m (1.2ms)[0m  [1m[35mCREATE TABLE "schema_migrations" ("version" varchar NOT NULL PRIMARY KEY)[0m
  [1m[35m (0.1ms)[0m  [1m[34mSELECT "schema_migrations"."version" FROM "schema_migrations" ORDER BY "schema_migrations"."version" ASC[0m
  [1m[35m (1.0ms)[0m  [1m[32mINSERT INTO "schema_migrations" (version) VALUES (20210217204508)[0m
  [1m[35m (2.4ms)[0m  [1m[32mINSERT INTO "schema_migrations" (version) VALUES
(20210217153315);

[0m
  [1m[35m (1.3ms)[0m  [1m[35mCREATE TABLE "ar_internal_metadata" ("key" varchar NOT NULL PRIMARY KEY, "value" varchar, "created_at" datetime(6) NOT NULL, "updated_at" datetime(6) NOT NULL)[0m
  [1m[36mActiveRecord::InternalMetadata Load (0.2ms)[0m  [1m[34mSELECT "ar_internal_metadata".* FROM "ar_internal_metadata" WHERE "ar_internal_metadata"."key" = ? LIMIT ?[0m  [["key", "environment"], ["LIMIT", 1]]
  [1m[35m (0.0ms)[0m  [1m[36mbegin transaction[0m
  [1m[36mActiveRecord::InternalMetadata Create (0.3ms)[0m  [1m[32mINSERT INTO "ar_internal_metadata" ("key", "value", "created_at", "updated_at") VALUES (?, ?, ?, ?)[0m  [["key", "environment"], ["value", "development"], ["created_at", "2021-02-18 02:35:45.441094"], ["updated_at", "2021-02-18 02:35:45.441094"]]
  [1m[35m (1.3ms)[0m  [1m[36mcommit transaction[0m
  [1m[36mActiveRecord::InternalMetadata Load (0.1ms)[0m  [1m[34mSELECT "ar_internal_metadata".* FROM "ar_internal_metadata" WHERE "ar_internal_metadata"."key" = ? LIMIT ?[0m  [["key", "environment"], ["LIMIT", 1]]
  [1m[36mActiveRecord::InternalMetadata Load (0.1ms)[0m  [1m[34mSELECT "ar_internal_metadata".* FROM "ar_internal_metadata" WHERE "ar_internal_metadata"."key" = ? LIMIT ?[0m  [["key", "schema_sha1"], ["LIMIT", 1]]
  [1m[35m (0.0ms)[0m  [1m[36mbegin transaction[0m
  [1m[36mActiveRecord::InternalMetadata Create (0.3ms)[0m  [1m[32mINSERT INTO "ar_internal_metadata" ("key", "value", "created_at", "updated_at") VALUES (?, ?, ?, ?)[0m  [["key", "schema_sha1"], ["value", "534eb5ab81f93de993ac70994a48e8c2ca2fe069"], ["created_at", "2021-02-18 02:35:45.459165"], ["updated_at", "2021-02-18 02:35:45.459165"]]
  [1m[35m (1.4ms)[0m  [1m[36mcommit transaction[0m
  [1m[35m (0.1ms)[0m  [1m[34mSELECT sqlite_version(*)[0m
  [1m[35m (0.1ms)[0m  [1m[35mDROP TABLE IF EXISTS "destinations"[0m
  [1m[35m (1.7ms)[0m  [1m[35mCREATE TABLE "destinations" ("id" integer PRIMARY KEY AUTOINCREMENT NOT NULL, "city" varchar, "country" varchar, "importance" integer, "user_id" integer, "created_at" datetime(6) NOT NULL, "updated_at" datetime(6) NOT NULL)[0m
  [1m[35m (0.2ms)[0m  [1m[35mDROP TABLE IF EXISTS "users"[0m
  [1m[35m (1.5ms)[0m  [1m[35mCREATE TABLE "users" ("id" integer PRIMARY KEY AUTOINCREMENT NOT NULL, "name" varchar, "created_at" datetime(6) NOT NULL, "updated_at" datetime(6) NOT NULL)[0m
  [1m[35m (1.3ms)[0m  [1m[35mCREATE TABLE "schema_migrations" ("version" varchar NOT NULL PRIMARY KEY)[0m
  [1m[35m (0.1ms)[0m  [1m[34mSELECT "schema_migrations"."version" FROM "schema_migrations" ORDER BY "schema_migrations"."version" ASC[0m
  [1m[35m (1.4ms)[0m  [1m[32mINSERT INTO "schema_migrations" (version) VALUES (20210217204508)[0m
  [1m[35m (1.0ms)[0m  [1m[32mINSERT INTO "schema_migrations" (version) VALUES
(20210217153315);

[0m
  [1m[35m (1.1ms)[0m  [1m[35mCREATE TABLE "ar_internal_metadata" ("key" varchar NOT NULL PRIMARY KEY, "value" varchar, "created_at" datetime(6) NOT NULL, "updated_at" datetime(6) NOT NULL)[0m
  [1m[36mActiveRecord::InternalMetadata Load (0.2ms)[0m  [1m[34mSELECT "ar_internal_metadata".* FROM "ar_internal_metadata" WHERE "ar_internal_metadata"."key" = ? LIMIT ?[0m  [["key", "environment"], ["LIMIT", 1]]
  [1m[35m (0.0ms)[0m  [1m[36mbegin transaction[0m
  [1m[36mActiveRecord::InternalMetadata Create (0.3ms)[0m  [1m[32mINSERT INTO "ar_internal_metadata" ("key", "value", "created_at", "updated_at") VALUES (?, ?, ?, ?)[0m  [["key", "environment"], ["value", "development"], ["created_at", "2021-02-18 02:35:45.494139"], ["updated_at", "2021-02-18 02:35:45.494139"]]
  [1m[35m (0.9ms)[0m  [1m[36mcommit transaction[0m
  [1m[36mActiveRecord::InternalMetadata Load (0.1ms)[0m  [1m[34mSELECT "ar_internal_metadata".* FROM "ar_internal_metadata" WHERE "ar_internal_metadata"."key" = ? LIMIT ?[0m  [["key", "environment"], ["LIMIT", 1]]
  [1m[35m (0.0ms)[0m  [1m[36mbegin transaction[0m
  [1m[36mActiveRecord::InternalMetadata Update (0.3ms)[0m  [1m[33mUPDATE "ar_internal_metadata" SET "value" = ?, "updated_at" = ? WHERE "ar_internal_metadata"."key" = ?[0m  [["value", "test"], ["updated_at", "2021-02-18 02:35:45.500356"], ["key", "environment"]]
  [1m[35m (0.7ms)[0m  [1m[36mcommit transaction[0m
  [1m[36mActiveRecord::InternalMetadata Load (0.1ms)[0m  [1m[34mSELECT "ar_internal_metadata".* FROM "ar_internal_metadata" WHERE "ar_internal_metadata"."key" = ? LIMIT ?[0m  [["key", "schema_sha1"], ["LIMIT", 1]]
  [1m[35m (0.0ms)[0m  [1m[36mbegin transaction[0m
  [1m[36mActiveRecord::InternalMetadata Create (0.3ms)[0m  [1m[32mINSERT INTO "ar_internal_metadata" ("key", "value", "created_at", "updated_at") VALUES (?, ?, ?, ?)[0m  [["key", "schema_sha1"], ["value", "534eb5ab81f93de993ac70994a48e8c2ca2fe069"], ["created_at", "2021-02-18 02:35:45.506879"], ["updated_at", "2021-02-18 02:35:45.506879"]]
  [1m[35m (5.1ms)[0m  [1m[36mcommit transaction[0m
  [1m[35m (0.1ms)[0m  [1m[34mSELECT sqlite_version(*)[0m
  [1m[35m (0.1ms)[0m  [1m[34mSELECT "schema_migrations"."version" FROM "schema_migrations" ORDER BY "schema_migrations"."version" ASC[0m
  [1m[35m (0.1ms)[0m  [1m[34mSELECT sqlite_version(*)[0m
  [1m[35m (0.0ms)[0m  [1m[36mbegin transaction[0m
  [1m[36mUser Create (0.3ms)[0m  [1m[32mINSERT INTO "users" ("name", "created_at", "updated_at") VALUES (?, ?, ?)[0m  [["name", "Sarah"], ["created_at", "2021-02-18 02:35:45.536740"], ["updated_at", "2021-02-18 02:35:45.536740"]]
  [1m[35m (0.6ms)[0m  [1m[36mcommit transaction[0m
  [1m[35m (0.0ms)[0m  [1m[36mbegin transaction[0m
  [1m[36mUser Create (0.3ms)[0m  [1m[32mINSERT INTO "users" ("name", "created_at", "updated_at") VALUES (?, ?, ?)[0m  [["name", "Jordan"], ["created_at", "2021-02-18 02:35:45.540517"], ["updated_at", "2021-02-18 02:35:45.540517"]]
  [1m[35m (1.3ms)[0m  [1m[36mcommit transaction[0m
  [1m[35m (0.0ms)[0m  [1m[36mbegin transaction[0m
  [1m[36mUser Create (0.3ms)[0m  [1m[32mINSERT INTO "users" ("name", "created_at", "updated_at") VALUES (?, ?, ?)[0m  [["name", "Mackenzie"], ["created_at", "2021-02-18 02:35:45.545059"], ["updated_at", "2021-02-18 02:35:45.545059"]]
  [1m[35m (1.2ms)[0m  [1m[36mcommit transaction[0m
  [1m[35m (0.4ms)[0m  [1m[34mSELECT sqlite_version(*)[0m
  [1m[35m (0.1ms)[0m  [1m[34mSELECT "schema_migrations"."version" FROM "schema_migrations" ORDER BY "schema_migrations"."version" ASC[0m
  [1m[35m (0.1ms)[0m  [1m[34mSELECT "ar_internal_metadata"."value" FROM "ar_internal_metadata" WHERE "ar_internal_metadata"."key" = ?[0m  [["key", "environment"]]
  [1m[35m (0.1ms)[0m  [1m[34mSELECT "schema_migrations"."version" FROM "schema_migrations" ORDER BY "schema_migrations"."version" ASC[0m
  [1m[35m (0.1ms)[0m  [1m[34mSELECT "ar_internal_metadata"."value" FROM "ar_internal_metadata" WHERE "ar_internal_metadata"."key" = ?[0m  [["key", "environment"]]
  [1m[35m (0.0ms)[0m  [1m[34mSELECT "schema_migrations"."version" FROM "schema_migrations" ORDER BY "schema_migrations"."version" ASC[0m
  [1m[35m (0.0ms)[0m  [1m[34mSELECT "ar_internal_metadata"."value" FROM "ar_internal_metadata" WHERE "ar_internal_metadata"."key" = ?[0m  [["key", "environment"]]
  [1m[35m (0.0ms)[0m  [1m[34mSELECT sqlite_version(*)[0m
  [1m[35m (0.0ms)[0m  [1m[34mSELECT sqlite_version(*)[0m
  [1m[35m (0.0ms)[0m  [1m[34mSELECT sqlite_version(*)[0m
  [1m[35m (0.1ms)[0m  [1m[35mDROP TABLE IF EXISTS "destinations"[0m
  [1m[35m (6.6ms)[0m  [1m[35mCREATE TABLE "destinations" ("id" integer PRIMARY KEY AUTOINCREMENT NOT NULL, "city" varchar, "country" varchar, "importance" integer, "user_id" integer, "created_at" datetime(6) NOT NULL, "updated_at" datetime(6) NOT NULL)[0m
  [1m[35m (0.2ms)[0m  [1m[35mDROP TABLE IF EXISTS "users"[0m
  [1m[35m (1.7ms)[0m  [1m[35mCREATE TABLE "users" ("id" integer PRIMARY KEY AUTOINCREMENT NOT NULL, "name" varchar, "created_at" datetime(6) NOT NULL, "updated_at" datetime(6) NOT NULL)[0m
  [1m[35m (1.2ms)[0m  [1m[35mCREATE TABLE "schema_migrations" ("version" varchar NOT NULL PRIMARY KEY)[0m
  [1m[35m (0.2ms)[0m  [1m[34mSELECT "schema_migrations"."version" FROM "schema_migrations" ORDER BY "schema_migrations"."version" ASC[0m
  [1m[35m (1.3ms)[0m  [1m[32mINSERT INTO "schema_migrations" (version) VALUES (20210217204508)[0m
  [1m[35m (1.1ms)[0m  [1m[32mINSERT INTO "schema_migrations" (version) VALUES
(20210217153315);

[0m
  [1m[35m (1.5ms)[0m  [1m[35mCREATE TABLE "ar_internal_metadata" ("key" varchar NOT NULL PRIMARY KEY, "value" varchar, "created_at" datetime(6) NOT NULL, "updated_at" datetime(6) NOT NULL)[0m
  [1m[36mActiveRecord::InternalMetadata Load (0.2ms)[0m  [1m[34mSELECT "ar_internal_metadata".* FROM "ar_internal_metadata" WHERE "ar_internal_metadata"."key" = ? LIMIT ?[0m  [["key", "environment"], ["LIMIT", 1]]
  [1m[35m (0.0ms)[0m  [1m[36mbegin transaction[0m
  [1m[36mActiveRecord::InternalMetadata Create (0.3ms)[0m  [1m[32mINSERT INTO "ar_internal_metadata" ("key", "value", "created_at", "updated_at") VALUES (?, ?, ?, ?)[0m  [["key", "environment"], ["value", "development"], ["created_at", "2021-02-18 02:36:28.215598"], ["updated_at", "2021-02-18 02:36:28.215598"]]
  [1m[35m (1.3ms)[0m  [1m[36mcommit transaction[0m
  [1m[36mActiveRecord::InternalMetadata Load (0.1ms)[0m  [1m[34mSELECT "ar_internal_metadata".* FROM "ar_internal_metadata" WHERE "ar_internal_metadata"."key" = ? LIMIT ?[0m  [["key", "environment"], ["LIMIT", 1]]
  [1m[36mActiveRecord::InternalMetadata Load (0.1ms)[0m  [1m[34mSELECT "ar_internal_metadata".* FROM "ar_internal_metadata" WHERE "ar_internal_metadata"."key" = ? LIMIT ?[0m  [["key", "schema_sha1"], ["LIMIT", 1]]
  [1m[35m (0.0ms)[0m  [1m[36mbegin transaction[0m
  [1m[36mActiveRecord::InternalMetadata Create (0.3ms)[0m  [1m[32mINSERT INTO "ar_internal_metadata" ("key", "value", "created_at", "updated_at") VALUES (?, ?, ?, ?)[0m  [["key", "schema_sha1"], ["value", "534eb5ab81f93de993ac70994a48e8c2ca2fe069"], ["created_at", "2021-02-18 02:36:28.234846"], ["updated_at", "2021-02-18 02:36:28.234846"]]
  [1m[35m (0.8ms)[0m  [1m[36mcommit transaction[0m
  [1m[35m (0.0ms)[0m  [1m[34mSELECT sqlite_version(*)[0m
  [1m[35m (0.2ms)[0m  [1m[35mDROP TABLE IF EXISTS "destinations"[0m
  [1m[35m (1.1ms)[0m  [1m[35mCREATE TABLE "destinations" ("id" integer PRIMARY KEY AUTOINCREMENT NOT NULL, "city" varchar, "country" varchar, "importance" integer, "user_id" integer, "created_at" datetime(6) NOT NULL, "updated_at" datetime(6) NOT NULL)[0m
  [1m[35m (0.2ms)[0m  [1m[35mDROP TABLE IF EXISTS "users"[0m
  [1m[35m (1.1ms)[0m  [1m[35mCREATE TABLE "users" ("id" integer PRIMARY KEY AUTOINCREMENT NOT NULL, "name" varchar, "created_at" datetime(6) NOT NULL, "updated_at" datetime(6) NOT NULL)[0m
  [1m[35m (0.9ms)[0m  [1m[35mCREATE TABLE "schema_migrations" ("version" varchar NOT NULL PRIMARY KEY)[0m
  [1m[35m (0.1ms)[0m  [1m[34mSELECT "schema_migrations"."version" FROM "schema_migrations" ORDER BY "schema_migrations"."version" ASC[0m
  [1m[35m (1.4ms)[0m  [1m[32mINSERT INTO "schema_migrations" (version) VALUES (20210217204508)[0m
  [1m[35m (0.9ms)[0m  [1m[32mINSERT INTO "schema_migrations" (version) VALUES
(20210217153315);

[0m
  [1m[35m (1.3ms)[0m  [1m[35mCREATE TABLE "ar_internal_metadata" ("key" varchar NOT NULL PRIMARY KEY, "value" varchar, "created_at" datetime(6) NOT NULL, "updated_at" datetime(6) NOT NULL)[0m
  [1m[36mActiveRecord::InternalMetadata Load (0.1ms)[0m  [1m[34mSELECT "ar_internal_metadata".* FROM "ar_internal_metadata" WHERE "ar_internal_metadata"."key" = ? LIMIT ?[0m  [["key", "environment"], ["LIMIT", 1]]
  [1m[35m (0.0ms)[0m  [1m[36mbegin transaction[0m
  [1m[36mActiveRecord::InternalMetadata Create (0.2ms)[0m  [1m[32mINSERT INTO "ar_internal_metadata" ("key", "value", "created_at", "updated_at") VALUES (?, ?, ?, ?)[0m  [["key", "environment"], ["value", "development"], ["created_at", "2021-02-18 02:36:28.268220"], ["updated_at", "2021-02-18 02:36:28.268220"]]
  [1m[35m (1.3ms)[0m  [1m[36mcommit transaction[0m
  [1m[36mActiveRecord::InternalMetadata Load (0.1ms)[0m  [1m[34mSELECT "ar_internal_metadata".* FROM "ar_internal_metadata" WHERE "ar_internal_metadata"."key" = ? LIMIT ?[0m  [["key", "environment"], ["LIMIT", 1]]
  [1m[35m (0.1ms)[0m  [1m[36mbegin transaction[0m
  [1m[36mActiveRecord::InternalMetadata Update (0.4ms)[0m  [1m[33mUPDATE "ar_internal_metadata" SET "value" = ?, "updated_at" = ? WHERE "ar_internal_metadata"."key" = ?[0m  [["value", "test"], ["updated_at", "2021-02-18 02:36:28.274051"], ["key", "environment"]]
  [1m[35m (0.7ms)[0m  [1m[36mcommit transaction[0m
  [1m[36mActiveRecord::InternalMetadata Load (0.1ms)[0m  [1m[34mSELECT "ar_internal_metadata".* FROM "ar_internal_metadata" WHERE "ar_internal_metadata"."key" = ? LIMIT ?[0m  [["key", "schema_sha1"], ["LIMIT", 1]]
  [1m[35m (0.1ms)[0m  [1m[36mbegin transaction[0m
  [1m[36mActiveRecord::InternalMetadata Create (0.4ms)[0m  [1m[32mINSERT INTO "ar_internal_metadata" ("key", "value", "created_at", "updated_at") VALUES (?, ?, ?, ?)[0m  [["key", "schema_sha1"], ["value", "534eb5ab81f93de993ac70994a48e8c2ca2fe069"], ["created_at", "2021-02-18 02:36:28.282224"], ["updated_at", "2021-02-18 02:36:28.282224"]]
  [1m[35m (0.6ms)[0m  [1m[36mcommit transaction[0m
  [1m[35m (0.1ms)[0m  [1m[34mSELECT sqlite_version(*)[0m
  [1m[35m (0.1ms)[0m  [1m[34mSELECT "schema_migrations"."version" FROM "schema_migrations" ORDER BY "schema_migrations"."version" ASC[0m
  [1m[35m (0.1ms)[0m  [1m[34mSELECT sqlite_version(*)[0m
  [1m[35m (0.0ms)[0m  [1m[36mbegin transaction[0m
  [1m[36mUser Create (0.4ms)[0m  [1m[32mINSERT INTO "users" ("name", "created_at", "updated_at") VALUES (?, ?, ?)[0m  [["name", "Sarah"], ["created_at", "2021-02-18 02:36:28.301528"], ["updated_at", "2021-02-18 02:36:28.301528"]]
  [1m[35m (1.2ms)[0m  [1m[36mcommit transaction[0m
  [1m[35m (0.1ms)[0m  [1m[36mbegin transaction[0m
  [1m[36mUser Create (0.3ms)[0m  [1m[32mINSERT INTO "users" ("name", "created_at", "updated_at") VALUES (?, ?, ?)[0m  [["name", "Jordan"], ["created_at", "2021-02-18 02:36:28.305943"], ["updated_at", "2021-02-18 02:36:28.305943"]]
  [1m[35m (1.3ms)[0m  [1m[36mcommit transaction[0m
  [1m[35m (0.0ms)[0m  [1m[36mbegin transaction[0m
  [1m[36mUser Create (0.4ms)[0m  [1m[32mINSERT INTO "users" ("name", "created_at", "updated_at") VALUES (?, ?, ?)[0m  [["name", "Mackenzie"], ["created_at", "2021-02-18 02:36:28.310030"], ["updated_at", "2021-02-18 02:36:28.310030"]]
  [1m[35m (1.2ms)[0m  [1m[36mcommit transaction[0m
  [1m[35m (0.0ms)[0m  [1m[36mbegin transaction[0m
  [1m[36mDestination Create (0.3ms)[0m  [1m[32mINSERT INTO "destinations" ("city", "country", "importance", "user_id", "created_at", "updated_at") VALUES (?, ?, ?, ?, ?, ?)[0m  [["city", "Dublin"], ["country", "Ireland"], ["importance", 3], ["user_id", 1], ["created_at", "2021-02-18 02:36:28.331120"], ["updated_at", "2021-02-18 02:36:28.331120"]]
  [1m[35m (1.5ms)[0m  [1m[36mcommit transaction[0m
  [1m[35m (0.0ms)[0m  [1m[36mbegin transaction[0m
  [1m[36mDestination Create (0.3ms)[0m  [1m[32mINSERT INTO "destinations" ("city", "country", "importance", "user_id", "created_at", "updated_at") VALUES (?, ?, ?, ?, ?, ?)[0m  [["city", "Rome"], ["country", "Italy"], ["importance", 4], ["user_id", 2], ["created_at", "2021-02-18 02:36:28.336302"], ["updated_at", "2021-02-18 02:36:28.336302"]]
  [1m[35m (0.7ms)[0m  [1m[36mcommit transaction[0m
  [1m[35m (0.0ms)[0m  [1m[36mbegin transaction[0m
  [1m[36mDestination Create (0.3ms)[0m  [1m[32mINSERT INTO "destinations" ("city", "country", "importance", "user_id", "created_at", "updated_at") VALUES (?, ?, ?, ?, ?, ?)[0m  [["city", "Paris"], ["country", "France"], ["importance", 5], ["user_id", 3], ["created_at", "2021-02-18 02:36:28.340199"], ["updated_at", "2021-02-18 02:36:28.340199"]]
  [1m[35m (1.1ms)[0m  [1m[36mcommit transaction[0m
  [1m[35m (0.4ms)[0m  [1m[34mSELECT sqlite_version(*)[0m
  [1m[36mUser Load (0.1ms)[0m  [1m[34mSELECT "users".* FROM "users" LIMIT ?[0m  [["LIMIT", 11]]
  [1m[36mDestination Load (0.2ms)[0m  [1m[34mSELECT "destinations".* FROM "destinations" LIMIT ?[0m  [["LIMIT", 11]]
  [1m[36mUser Load (0.2ms)[0m  [1m[34mSELECT "users".* FROM "users" ORDER BY "users"."id" ASC LIMIT ?[0m  [["LIMIT", 1]]
  [1m[36mDestination Load (0.2ms)[0m  [1m[34mSELECT "destinations".* FROM "destinations" WHERE "destinations"."user_id" = ? LIMIT ?[0m  [["user_id", 1], ["LIMIT", 11]]
Started GET "/destinations" for ::1 at 2021-02-17 19:38:05 -0700
  [1m[35m (0.1ms)[0m  [1m[34mSELECT sqlite_version(*)[0m
Processing by DestinationsController#index as HTML
  [1m[36mDestination Load (0.2ms)[0m  [1m[34mSELECT "destinations".* FROM "destinations"[0m
  ↳ app/controllers/destinations_controller.rb:4:in `index'
Completed 200 OK in 17ms (Views: 9.2ms | ActiveRecord: 2.0ms | Allocations: 7052)


Started GET "/destinations" for ::1 at 2021-02-19 12:36:52 -0700
  [1m[35m (0.3ms)[0m  [1m[34mSELECT sqlite_version(*)[0m
Processing by DestinationsController#index as HTML
  [1m[36mDestination Load (0.7ms)[0m  [1m[34mSELECT "destinations".* FROM "destinations"[0m
  ↳ app/controllers/destinations_controller.rb:4:in `index'
Completed 200 OK in 33ms (Views: 22.5ms | ActiveRecord: 0.7ms | Allocations: 6219)


Started GET "/destinations" for ::1 at 2021-02-19 19:16:30 -0700
  [1m[35m (0.5ms)[0m  [1m[34mSELECT sqlite_version(*)[0m
Processing by DestinationsController#index as HTML
  [1m[36mDestination Load (1.4ms)[0m  [1m[34mSELECT "destinations".* FROM "destinations"[0m
  ↳ app/controllers/destinations_controller.rb:4:in `index'
Completed 200 OK in 25ms (Views: 20.2ms | ActiveRecord: 1.4ms | Allocations: 1265)


Started GET "//destinations" for ::1 at 2021-02-19 19:16:45 -0700
Processing by DestinationsController#index as */*
  Parameters: {"destination"=>{}}
  [1m[36mDestination Load (0.8ms)[0m  [1m[34mSELECT "destinations".* FROM "destinations"[0m
  ↳ app/controllers/destinations_controller.rb:4:in `index'
Completed 200 OK in 10ms (Views: 9.3ms | ActiveRecord: 0.8ms | Allocations: 1246)


Started GET "//destinations" for ::1 at 2021-02-19 19:25:24 -0700
  [1m[35m (0.1ms)[0m  [1m[34mSELECT sqlite_version(*)[0m
Processing by DestinationsController#index as */*
  Parameters: {"destination"=>{}}
  [1m[36mDestination Load (0.5ms)[0m  [1m[34mSELECT "destinations".* FROM "destinations"[0m
  ↳ app/controllers/destinations_controller.rb:4:in `index'
Completed 200 OK in 8ms (Views: 6.4ms | ActiveRecord: 0.5ms | Allocations: 1267)


Started GET "//destinations" for ::1 at 2021-02-19 19:27:36 -0700
Processing by DestinationsController#index as */*
  Parameters: {"destination"=>{}}
  [1m[36mDestination Load (0.5ms)[0m  [1m[34mSELECT "destinations".* FROM "destinations"[0m
  ↳ app/controllers/destinations_controller.rb:4:in `index'
Completed 200 OK in 10ms (Views: 7.8ms | ActiveRecord: 0.5ms | Allocations: 1248)


Started GET "//destinations" for ::1 at 2021-02-19 19:29:39 -0700
Processing by DestinationsController#index as */*
  Parameters: {"destination"=>{}}
  [1m[36mDestination Load (0.2ms)[0m  [1m[34mSELECT "destinations".* FROM "destinations"[0m
  ↳ app/controllers/destinations_controller.rb:4:in `index'
Completed 200 OK in 3ms (Views: 2.9ms | ActiveRecord: 0.2ms | Allocations: 1259)


Started GET "//destinations" for ::1 at 2021-02-19 19:30:06 -0700
Processing by DestinationsController#index as */*
  Parameters: {"destination"=>{}}
  [1m[36mDestination Load (0.3ms)[0m  [1m[34mSELECT "destinations".* FROM "destinations"[0m
  ↳ app/controllers/destinations_controller.rb:4:in `index'
Completed 200 OK in 4ms (Views: 3.4ms | ActiveRecord: 0.3ms | Allocations: 1245)


Started GET "//destinations" for ::1 at 2021-02-19 19:30:18 -0700
Processing by DestinationsController#index as */*
  Parameters: {"destination"=>{}}
  [1m[36mDestination Load (0.1ms)[0m  [1m[34mSELECT "destinations".* FROM "destinations"[0m
  ↳ app/controllers/destinations_controller.rb:4:in `index'
Completed 200 OK in 5ms (Views: 4.7ms | ActiveRecord: 0.1ms | Allocations: 1245)


Started GET "//destinations" for ::1 at 2021-02-19 19:30:22 -0700
Processing by DestinationsController#index as */*
  Parameters: {"destination"=>{}}
  [1m[36mDestination Load (0.4ms)[0m  [1m[34mSELECT "destinations".* FROM "destinations"[0m
  ↳ app/controllers/destinations_controller.rb:4:in `index'
Completed 200 OK in 2ms (Views: 1.8ms | ActiveRecord: 0.4ms | Allocations: 1245)


Started GET "//destinations" for ::1 at 2021-02-19 19:30:33 -0700
Processing by DestinationsController#index as */*
  Parameters: {"destination"=>{}}
  [1m[36mDestination Load (0.1ms)[0m  [1m[34mSELECT "destinations".* FROM "destinations"[0m
  ↳ app/controllers/destinations_controller.rb:4:in `index'
Completed 200 OK in 9ms (Views: 8.4ms | ActiveRecord: 0.1ms | Allocations: 1245)


Started GET "//destinations" for ::1 at 2021-02-19 19:30:36 -0700
Processing by DestinationsController#index as */*
  Parameters: {"destination"=>{}}
  [1m[36mDestination Load (0.2ms)[0m  [1m[34mSELECT "destinations".* FROM "destinations"[0m
  ↳ app/controllers/destinations_controller.rb:4:in `index'
Completed 200 OK in 2ms (Views: 1.9ms | ActiveRecord: 0.2ms | Allocations: 1245)


Started GET "//destinations" for ::1 at 2021-02-19 19:31:05 -0700
Processing by DestinationsController#index as */*
  Parameters: {"destination"=>{}}
  [1m[36mDestination Load (0.2ms)[0m  [1m[34mSELECT "destinations".* FROM "destinations"[0m
  ↳ app/controllers/destinations_controller.rb:4:in `index'
Completed 200 OK in 7ms (Views: 6.5ms | ActiveRecord: 0.2ms | Allocations: 1245)


Started GET "//destinations" for ::1 at 2021-02-19 19:31:07 -0700
Processing by DestinationsController#index as */*
  Parameters: {"destination"=>{}}
  [1m[36mDestination Load (0.2ms)[0m  [1m[34mSELECT "destinations".* FROM "destinations"[0m
  ↳ app/controllers/destinations_controller.rb:4:in `index'
Completed 200 OK in 8ms (Views: 7.8ms | ActiveRecord: 0.2ms | Allocations: 1245)


Started GET "//destinations" for ::1 at 2021-02-19 19:31:13 -0700
Processing by DestinationsController#index as */*
  Parameters: {"destination"=>{}}
  [1m[36mDestination Load (0.1ms)[0m  [1m[34mSELECT "destinations".* FROM "destinations"[0m
  ↳ app/controllers/destinations_controller.rb:4:in `index'
Completed 200 OK in 4ms (Views: 3.5ms | ActiveRecord: 0.1ms | Allocations: 1245)


Started GET "//destinations" for ::1 at 2021-02-19 19:31:15 -0700
Processing by DestinationsController#index as */*
  Parameters: {"destination"=>{}}
  [1m[36mDestination Load (0.6ms)[0m  [1m[34mSELECT "destinations".* FROM "destinations"[0m
  ↳ app/controllers/destinations_controller.rb:4:in `index'
Completed 200 OK in 11ms (Views: 9.9ms | ActiveRecord: 0.6ms | Allocations: 1245)


Started GET "//destinations" for ::1 at 2021-02-19 19:31:28 -0700
Processing by DestinationsController#index as */*
  Parameters: {"destination"=>{}}
  [1m[36mDestination Load (0.1ms)[0m  [1m[34mSELECT "destinations".* FROM "destinations"[0m
  ↳ app/controllers/destinations_controller.rb:4:in `index'
Completed 200 OK in 2ms (Views: 1.3ms | ActiveRecord: 0.1ms | Allocations: 1245)


Started GET "//destinations" for ::1 at 2021-02-19 19:31:34 -0700
Processing by DestinationsController#index as */*
  Parameters: {"destination"=>{}}
  [1m[36mDestination Load (0.1ms)[0m  [1m[34mSELECT "destinations".* FROM "destinations"[0m
  ↳ app/controllers/destinations_controller.rb:4:in `index'
Completed 200 OK in 4ms (Views: 3.3ms | ActiveRecord: 0.1ms | Allocations: 1245)


Started GET "//destinations" for ::1 at 2021-02-19 19:32:07 -0700
Processing by DestinationsController#index as */*
  Parameters: {"destination"=>{}}
  [1m[36mDestination Load (0.2ms)[0m  [1m[34mSELECT "destinations".* FROM "destinations"[0m
  ↳ app/controllers/destinations_controller.rb:4:in `index'
Completed 200 OK in 3ms (Views: 2.2ms | ActiveRecord: 0.2ms | Allocations: 1245)


Started GET "//destinations" for ::1 at 2021-02-19 19:32:09 -0700
Processing by DestinationsController#index as */*
  Parameters: {"destination"=>{}}
  [1m[36mDestination Load (0.5ms)[0m  [1m[34mSELECT "destinations".* FROM "destinations"[0m
  ↳ app/controllers/destinations_controller.rb:4:in `index'
Completed 200 OK in 5ms (Views: 4.2ms | ActiveRecord: 0.5ms | Allocations: 1245)


Started GET "//destinations" for ::1 at 2021-02-19 19:32:13 -0700
Processing by DestinationsController#index as */*
  Parameters: {"destination"=>{}}
  [1m[36mDestination Load (0.3ms)[0m  [1m[34mSELECT "destinations".* FROM "destinations"[0m
  ↳ app/controllers/destinations_controller.rb:4:in `index'
Completed 200 OK in 2ms (Views: 1.7ms | ActiveRecord: 0.3ms | Allocations: 1245)


Started GET "//destinations" for ::1 at 2021-02-19 19:32:16 -0700
Processing by DestinationsController#index as */*
  Parameters: {"destination"=>{}}
  [1m[36mDestination Load (0.1ms)[0m  [1m[34mSELECT "destinations".* FROM "destinations"[0m
  ↳ app/controllers/destinations_controller.rb:4:in `index'
Completed 200 OK in 3ms (Views: 2.5ms | ActiveRecord: 0.1ms | Allocations: 1246)


Started GET "//destinations" for ::1 at 2021-02-19 19:32:28 -0700
Processing by DestinationsController#index as */*
  Parameters: {"destination"=>{}}
  [1m[36mDestination Load (0.2ms)[0m  [1m[34mSELECT "destinations".* FROM "destinations"[0m
  ↳ app/controllers/destinations_controller.rb:4:in `index'
Completed 200 OK in 2ms (Views: 1.8ms | ActiveRecord: 0.2ms | Allocations: 1245)


Started GET "//destinations" for ::1 at 2021-02-19 19:32:49 -0700
Processing by DestinationsController#index as */*
  Parameters: {"destination"=>{}}
  [1m[36mDestination Load (0.2ms)[0m  [1m[34mSELECT "destinations".* FROM "destinations"[0m
  ↳ app/controllers/destinations_controller.rb:4:in `index'
Completed 200 OK in 2ms (Views: 2.0ms | ActiveRecord: 0.2ms | Allocations: 1245)


Started GET "//destinations" for ::1 at 2021-02-19 19:39:50 -0700
  [1m[35m (0.1ms)[0m  [1m[34mSELECT sqlite_version(*)[0m
Processing by DestinationsController#index as */*
  Parameters: {"destination"=>{}}
  [1m[36mDestination Load (1.5ms)[0m  [1m[34mSELECT "destinations".* FROM "destinations"[0m
  ↳ app/controllers/destinations_controller.rb:4:in `index'
Completed 200 OK in 4ms (Views: 2.2ms | ActiveRecord: 1.5ms | Allocations: 1267)


Started GET "//destinations" for ::1 at 2021-02-19 19:40:18 -0700
Processing by DestinationsController#index as */*
  Parameters: {"destination"=>{}}
  [1m[36mDestination Load (0.2ms)[0m  [1m[34mSELECT "destinations".* FROM "destinations"[0m
  ↳ app/controllers/destinations_controller.rb:4:in `index'
Completed 200 OK in 5ms (Views: 5.0ms | ActiveRecord: 0.2ms | Allocations: 1245)


Started GET "//destinations" for ::1 at 2021-02-19 19:40:19 -0700
Processing by DestinationsController#index as */*
  Parameters: {"destination"=>{}}
  [1m[36mDestination Load (0.2ms)[0m  [1m[34mSELECT "destinations".* FROM "destinations"[0m
  ↳ app/controllers/destinations_controller.rb:4:in `index'
Completed 200 OK in 5ms (Views: 3.9ms | ActiveRecord: 0.2ms | Allocations: 1245)


Started GET "//destinations" for ::1 at 2021-02-19 19:40:36 -0700
Processing by DestinationsController#index as */*
  Parameters: {"destination"=>{}}
  [1m[36mDestination Load (0.2ms)[0m  [1m[34mSELECT "destinations".* FROM "destinations"[0m
  ↳ app/controllers/destinations_controller.rb:4:in `index'
Completed 200 OK in 4ms (Views: 3.7ms | ActiveRecord: 0.2ms | Allocations: 1245)


Started GET "//destinations" for ::1 at 2021-02-19 19:40:39 -0700
Processing by DestinationsController#index as */*
  Parameters: {"destination"=>{}}
  [1m[36mDestination Load (0.1ms)[0m  [1m[34mSELECT "destinations".* FROM "destinations"[0m
  ↳ app/controllers/destinations_controller.rb:4:in `index'
Completed 200 OK in 2ms (Views: 1.7ms | ActiveRecord: 0.1ms | Allocations: 1245)


Started GET "//destinations" for ::1 at 2021-02-19 19:40:53 -0700
Processing by DestinationsController#index as */*
  Parameters: {"destination"=>{}}
  [1m[36mDestination Load (0.1ms)[0m  [1m[34mSELECT "destinations".* FROM "destinations"[0m
  ↳ app/controllers/destinations_controller.rb:4:in `index'
Completed 200 OK in 1ms (Views: 1.1ms | ActiveRecord: 0.1ms | Allocations: 1245)


Started GET "//destinations" for ::1 at 2021-02-19 19:40:57 -0700
Processing by DestinationsController#index as */*
  Parameters: {"destination"=>{}}
  [1m[36mDestination Load (0.2ms)[0m  [1m[34mSELECT "destinations".* FROM "destinations"[0m
  ↳ app/controllers/destinations_controller.rb:4:in `index'
Completed 200 OK in 2ms (Views: 1.2ms | ActiveRecord: 0.2ms | Allocations: 1245)


Started GET "//destinations" for ::1 at 2021-02-19 19:41:09 -0700
Processing by DestinationsController#index as */*
  Parameters: {"destination"=>{}}
  [1m[36mDestination Load (0.2ms)[0m  [1m[34mSELECT "destinations".* FROM "destinations"[0m
  ↳ app/controllers/destinations_controller.rb:4:in `index'
Completed 200 OK in 7ms (Views: 4.8ms | ActiveRecord: 0.2ms | Allocations: 1245)


Started GET "//destinations" for ::1 at 2021-02-19 19:41:10 -0700
Processing by DestinationsController#index as */*
  Parameters: {"destination"=>{}}
  [1m[36mDestination Load (0.2ms)[0m  [1m[34mSELECT "destinations".* FROM "destinations"[0m
  ↳ app/controllers/destinations_controller.rb:4:in `index'
Completed 200 OK in 9ms (Views: 8.2ms | ActiveRecord: 0.2ms | Allocations: 1245)


Started GET "//destinations" for ::1 at 2021-02-19 19:42:43 -0700
Processing by DestinationsController#index as */*
  Parameters: {"destination"=>{}}
  [1m[36mDestination Load (0.1ms)[0m  [1m[34mSELECT "destinations".* FROM "destinations"[0m
  ↳ app/controllers/destinations_controller.rb:4:in `index'
Completed 200 OK in 4ms (Views: 4.2ms | ActiveRecord: 0.1ms | Allocations: 1245)


Started GET "//destinations" for ::1 at 2021-02-19 19:42:49 -0700
Processing by DestinationsController#index as */*
  Parameters: {"destination"=>{}}
  [1m[36mDestination Load (0.1ms)[0m  [1m[34mSELECT "destinations".* FROM "destinations"[0m
  ↳ app/controllers/destinations_controller.rb:4:in `index'
Completed 200 OK in 7ms (Views: 6.2ms | ActiveRecord: 0.1ms | Allocations: 1245)


Started GET "//destinations" for ::1 at 2021-02-19 19:42:54 -0700
Processing by DestinationsController#index as */*
  Parameters: {"destination"=>{}}
  [1m[36mDestination Load (0.2ms)[0m  [1m[34mSELECT "destinations".* FROM "destinations"[0m
  ↳ app/controllers/destinations_controller.rb:4:in `index'
Completed 200 OK in 4ms (Views: 3.4ms | ActiveRecord: 0.2ms | Allocations: 1245)


Started GET "//destinations" for ::1 at 2021-02-19 19:45:01 -0700
Processing by DestinationsController#index as */*
  Parameters: {"destination"=>{}}
  [1m[36mDestination Load (0.2ms)[0m  [1m[34mSELECT "destinations".* FROM "destinations"[0m
  ↳ app/controllers/destinations_controller.rb:4:in `index'
Completed 200 OK in 7ms (Views: 4.3ms | ActiveRecord: 0.2ms | Allocations: 1245)


Started GET "//destinations" for ::1 at 2021-02-19 19:47:30 -0700
Processing by DestinationsController#index as */*
  Parameters: {"destination"=>{}}
  [1m[36mDestination Load (0.1ms)[0m  [1m[34mSELECT "destinations".* FROM "destinations"[0m
  ↳ app/controllers/destinations_controller.rb:4:in `index'
Completed 200 OK in 2ms (Views: 1.2ms | ActiveRecord: 0.1ms | Allocations: 1245)


Started GET "//destinations" for ::1 at 2021-02-19 20:06:14 -0700
  [1m[35m (0.3ms)[0m  [1m[34mSELECT sqlite_version(*)[0m
Processing by DestinationsController#index as */*
  Parameters: {"destination"=>{}}
  [1m[36mDestination Load (0.6ms)[0m  [1m[34mSELECT "destinations".* FROM "destinations"[0m
  ↳ app/controllers/destinations_controller.rb:4:in `index'
Completed 200 OK in 34ms (Views: 32.5ms | ActiveRecord: 0.6ms | Allocations: 5471)


Started POST "//users" for ::1 at 2021-02-19 20:06:19 -0700
  
SyntaxError (/Users/sarah/vacation-bucket-list/backend/app/controllers/users_controller.rb:9: syntax error, unexpected [, expecting do or '{' or '('
...r = User.find_by(name: params [:name])
...                              ^
/Users/sarah/vacation-bucket-list/backend/app/controllers/users_controller.rb:9: syntax error, unexpected ')', expecting end
...r.find_by(name: params [:name])
...                              ^
/Users/sarah/vacation-bucket-list/backend/app/controllers/users_controller.rb:18: syntax error, unexpected end-of-input, expecting end):
  
app/controllers/users_controller.rb:9: syntax error, unexpected [, expecting do or '{' or '('
app/controllers/users_controller.rb:9: syntax error, unexpected ')', expecting end
app/controllers/users_controller.rb:18: syntax error, unexpected end-of-input, expecting end
app/controllers/users_controller.rb:9: syntax error, unexpected [, expecting do or '{' or '('
app/controllers/users_controller.rb:9: syntax error, unexpected ')', expecting end
app/controllers/users_controller.rb:18: syntax error, unexpected end-of-input, expecting end
Started POST "//users" for ::1 at 2021-02-19 20:06:22 -0700
  
SyntaxError (/Users/sarah/vacation-bucket-list/backend/app/controllers/users_controller.rb:9: syntax error, unexpected [, expecting do or '{' or '('
...r = User.find_by(name: params [:name])
...                              ^
/Users/sarah/vacation-bucket-list/backend/app/controllers/users_controller.rb:9: syntax error, unexpected ')', expecting end
...r.find_by(name: params [:name])
...                              ^
/Users/sarah/vacation-bucket-list/backend/app/controllers/users_controller.rb:18: syntax error, unexpected end-of-input, expecting end):
  
app/controllers/users_controller.rb:9: syntax error, unexpected [, expecting do or '{' or '('
app/controllers/users_controller.rb:9: syntax error, unexpected ')', expecting end
app/controllers/users_controller.rb:18: syntax error, unexpected end-of-input, expecting end
app/controllers/users_controller.rb:9: syntax error, unexpected [, expecting do or '{' or '('
app/controllers/users_controller.rb:9: syntax error, unexpected ')', expecting end
app/controllers/users_controller.rb:18: syntax error, unexpected end-of-input, expecting end
Started GET "/destinations" for ::1 at 2021-02-19 20:07:16 -0700
  [1m[35m (0.1ms)[0m  [1m[34mSELECT sqlite_version(*)[0m
Processing by DestinationsController#index as HTML
  [1m[36mDestination Load (0.3ms)[0m  [1m[34mSELECT "destinations".* FROM "destinations"[0m
  ↳ app/controllers/destinations_controller.rb:4:in `index'
Completed 200 OK in 16ms (Views: 11.9ms | ActiveRecord: 2.1ms | Allocations: 6586)


Started GET "//destinations" for ::1 at 2021-02-19 20:08:07 -0700
Processing by DestinationsController#index as */*
  Parameters: {"destination"=>{}}
  [1m[36mDestination Load (0.1ms)[0m  [1m[34mSELECT "destinations".* FROM "destinations"[0m
  ↳ app/controllers/destinations_controller.rb:4:in `index'
Completed 200 OK in 2ms (Views: 1.8ms | ActiveRecord: 0.1ms | Allocations: 1245)


Started POST "//users" for ::1 at 2021-02-19 20:08:14 -0700
  
SyntaxError (/Users/sarah/vacation-bucket-list/backend/app/controllers/users_controller.rb:9: syntax error, unexpected [, expecting do or '{' or '('
...r = User.find_by(name: params [:name])
...                              ^
/Users/sarah/vacation-bucket-list/backend/app/controllers/users_controller.rb:9: syntax error, unexpected ')', expecting end
...r.find_by(name: params [:name])
...                              ^
/Users/sarah/vacation-bucket-list/backend/app/controllers/users_controller.rb:18: syntax error, unexpected end-of-input, expecting end):
  
app/controllers/users_controller.rb:9: syntax error, unexpected [, expecting do or '{' or '('
app/controllers/users_controller.rb:9: syntax error, unexpected ')', expecting end
app/controllers/users_controller.rb:18: syntax error, unexpected end-of-input, expecting end
app/controllers/users_controller.rb:9: syntax error, unexpected [, expecting do or '{' or '('
app/controllers/users_controller.rb:9: syntax error, unexpected ')', expecting end
app/controllers/users_controller.rb:18: syntax error, unexpected end-of-input, expecting end
Started GET "//destinations" for ::1 at 2021-02-19 20:10:27 -0700
Processing by DestinationsController#index as */*
  Parameters: {"destination"=>{}}
  [1m[36mDestination Load (0.1ms)[0m  [1m[34mSELECT "destinations".* FROM "destinations"[0m
  ↳ app/controllers/destinations_controller.rb:4:in `index'
Completed 200 OK in 3ms (Views: 2.7ms | ActiveRecord: 0.1ms | Allocations: 1244)


Started GET "//destinations" for ::1 at 2021-02-19 20:10:53 -0700
Processing by DestinationsController#index as */*
  Parameters: {"destination"=>{}}
  [1m[36mDestination Load (0.1ms)[0m  [1m[34mSELECT "destinations".* FROM "destinations"[0m
  ↳ app/controllers/destinations_controller.rb:4:in `index'
Completed 200 OK in 2ms (Views: 1.5ms | ActiveRecord: 0.1ms | Allocations: 1245)


Started POST "//users" for ::1 at 2021-02-19 20:10:58 -0700
  
SyntaxError (/Users/sarah/vacation-bucket-list/backend/app/controllers/users_controller.rb:9: syntax error, unexpected [, expecting do or '{' or '('
...r = User.find_by(name: params [:name])
...                              ^
/Users/sarah/vacation-bucket-list/backend/app/controllers/users_controller.rb:9: syntax error, unexpected ')', expecting end
...r.find_by(name: params [:name])
...                              ^
/Users/sarah/vacation-bucket-list/backend/app/controllers/users_controller.rb:18: syntax error, unexpected end-of-input, expecting end):
  
app/controllers/users_controller.rb:9: syntax error, unexpected [, expecting do or '{' or '('
app/controllers/users_controller.rb:9: syntax error, unexpected ')', expecting end
app/controllers/users_controller.rb:18: syntax error, unexpected end-of-input, expecting end
app/controllers/users_controller.rb:9: syntax error, unexpected [, expecting do or '{' or '('
app/controllers/users_controller.rb:9: syntax error, unexpected ')', expecting end
app/controllers/users_controller.rb:18: syntax error, unexpected end-of-input, expecting end
Started GET "//destinations" for ::1 at 2021-02-19 20:13:54 -0700
  [1m[35m (0.1ms)[0m  [1m[34mSELECT sqlite_version(*)[0m
Processing by DestinationsController#index as */*
  Parameters: {"destination"=>{}}
  [1m[36mDestination Load (0.2ms)[0m  [1m[34mSELECT "destinations".* FROM "destinations"[0m
  ↳ app/controllers/destinations_controller.rb:4:in `index'
Completed 200 OK in 13ms (Views: 11.8ms | ActiveRecord: 0.8ms | Allocations: 5566)


Started POST "//users" for ::1 at 2021-02-19 20:13:59 -0700
Processing by UsersController#create as JSON
  Parameters: {"name"=>"Ginger", "user"=>{"name"=>"Ginger"}}
Completed 500 Internal Server Error in 3ms (ActiveRecord: 0.3ms | Allocations: 572)


  
NoMethodError (undefined method `pry' for #<Binding:0x00007fe3d357e6d0>
Did you mean?  try):
  
app/controllers/users_controller.rb:8:in `create'
Started GET "//destinations" for ::1 at 2021-02-19 20:14:38 -0700
  [1m[35m (1.0ms)[0m  [1m[34mSELECT sqlite_version(*)[0m
  [1m[35m (0.6ms)[0m  [1m[34mSELECT "schema_migrations"."version" FROM "schema_migrations" ORDER BY "schema_migrations"."version" ASC[0m
Processing by DestinationsController#index as */*
  Parameters: {"destination"=>{}}
  [1m[36mDestination Load (0.9ms)[0m  [1m[34mSELECT "destinations".* FROM "destinations"[0m
  ↳ app/controllers/destinations_controller.rb:4:in `index'
Completed 200 OK in 19ms (Views: 17.0ms | ActiveRecord: 1.4ms | Allocations: 5943)


Started POST "//users" for ::1 at 2021-02-19 20:14:40 -0700
Processing by UsersController#create as JSON
  Parameters: {"name"=>"Ginger", "user"=>{"name"=>"Ginger"}}
  [1m[36mUser Load (0.6ms)[0m  [1m[34mSELECT "users".* FROM "users" WHERE "users"."name" = ? LIMIT ?[0m  [["name", "Ginger"], ["LIMIT", 1]]
  ↳ (pry):1:in `create'
Started GET "//destinations" for ::1 at 2021-02-19 20:19:20 -0700
  [1m[35m (1.9ms)[0m  [1m[34mSELECT sqlite_version(*)[0m
  [1m[35m (0.4ms)[0m  [1m[34mSELECT "schema_migrations"."version" FROM "schema_migrations" ORDER BY "schema_migrations"."version" ASC[0m
Processing by DestinationsController#index as */*
  Parameters: {"destination"=>{}}
  [1m[36mDestination Load (0.2ms)[0m  [1m[34mSELECT "destinations".* FROM "destinations"[0m
  ↳ app/controllers/destinations_controller.rb:4:in `index'
Completed 200 OK in 9ms (Views: 8.1ms | ActiveRecord: 0.8ms | Allocations: 5944)


Started POST "//users" for ::1 at 2021-02-19 20:19:22 -0700
Processing by UsersController#create as JSON
  Parameters: {"name"=>"", "user"=>{"name"=>""}}
  [1m[36mUser Load (0.5ms)[0m  [1m[34mSELECT "users".* FROM "users" WHERE "users"."name" = ? LIMIT ?[0m  [["name", ""], ["LIMIT", 1]]
  ↳ app/controllers/users_controller.rb:9:in `create'
  [1m[35m (0.1ms)[0m  [1m[36mbegin transaction[0m
  ↳ app/controllers/users_controller.rb:13:in `create'
  [1m[36mUser Create (1.0ms)[0m  [1m[32mINSERT INTO "users" ("name", "created_at", "updated_at") VALUES (?, ?, ?)[0m  [["name", ""], ["created_at", "2021-02-20 03:19:22.906295"], ["updated_at", "2021-02-20 03:19:22.906295"]]
  ↳ app/controllers/users_controller.rb:13:in `create'
  [1m[35m (1.2ms)[0m  [1m[36mcommit transaction[0m
  ↳ app/controllers/users_controller.rb:13:in `create'
  [1m[36mDestination Load (0.2ms)[0m  [1m[34mSELECT "destinations".* FROM "destinations" WHERE "destinations"."user_id" = ?[0m  [["user_id", 4]]
  ↳ app/controllers/users_controller.rb:14:in `create'
Completed 200 OK in 27ms (Views: 13.0ms | ActiveRecord: 3.9ms | Allocations: 8686)


Started POST "//users" for ::1 at 2021-02-19 20:19:45 -0700
Processing by UsersController#create as JSON
  Parameters: {"name"=>"Jordan", "user"=>{"name"=>"Jordan"}}
  [1m[36mUser Load (0.1ms)[0m  [1m[34mSELECT "users".* FROM "users" WHERE "users"."name" = ? LIMIT ?[0m  [["name", "Jordan"], ["LIMIT", 1]]
  ↳ app/controllers/users_controller.rb:9:in `create'
  [1m[36mDestination Load (0.1ms)[0m  [1m[34mSELECT "destinations".* FROM "destinations" WHERE "destinations"."user_id" = ?[0m  [["user_id", 2]]
  ↳ app/controllers/users_controller.rb:11:in `create'
Completed 200 OK in 22ms (Views: 19.2ms | ActiveRecord: 0.2ms | Allocations: 3566)


Started POST "//users" for ::1 at 2021-02-19 20:21:46 -0700
  [1m[35m (0.1ms)[0m  [1m[34mSELECT sqlite_version(*)[0m
Processing by UsersController#create as JSON
  Parameters: {"name"=>"Jordan", "user"=>{"name"=>"Jordan"}}
  [1m[36mUser Load (0.1ms)[0m  [1m[34mSELECT "users".* FROM "users" WHERE "users"."name" = ? LIMIT ?[0m  [["name", "Jordan"], ["LIMIT", 1]]
  ↳ app/controllers/users_controller.rb:9:in `create'
  [1m[36mDestination Load (0.1ms)[0m  [1m[34mSELECT "destinations".* FROM "destinations" WHERE "destinations"."user_id" = ?[0m  [["user_id", 2]]
  ↳ app/controllers/users_controller.rb:11:in `create'
Completed 200 OK in 74205ms (Views: 9.5ms | ActiveRecord: 1.2ms | Allocations: 25925)


Started POST "//users" for ::1 at 2021-02-19 20:23:26 -0700
  [1m[35m (0.1ms)[0m  [1m[34mSELECT sqlite_version(*)[0m
Processing by UsersController#create as JSON
  Parameters: {"name"=>"Jordan", "user"=>{"name"=>"Jordan"}}
  [1m[36mUser Load (0.2ms)[0m  [1m[34mSELECT "users".* FROM "users" WHERE "users"."name" = ? LIMIT ?[0m  [["name", "Jordan"], ["LIMIT", 1]]
  ↳ app/controllers/users_controller.rb:9:in `create'
  [1m[36mDestination Load (0.1ms)[0m  [1m[34mSELECT "destinations".* FROM "destinations" WHERE "destinations"."user_id" = ?[0m  [["user_id", 2]]
  ↳ app/controllers/users_controller.rb:11:in `create'
Completed 200 OK in 13ms (Views: 8.0ms | ActiveRecord: 1.3ms | Allocations: 9579)


Started POST "//users" for ::1 at 2021-02-19 20:24:39 -0700
  [1m[35m (2.2ms)[0m  [1m[34mSELECT sqlite_version(*)[0m
  [1m[35m (0.2ms)[0m  [1m[34mSELECT "schema_migrations"."version" FROM "schema_migrations" ORDER BY "schema_migrations"."version" ASC[0m
Processing by UsersController#create as JSON
  Parameters: {"name"=>"Jordan", "user"=>{"name"=>"Jordan"}}
  [1m[36mUser Load (0.2ms)[0m  [1m[34mSELECT "users".* FROM "users" WHERE "users"."name" = ? LIMIT ?[0m  [["name", "Jordan"], ["LIMIT", 1]]
  ↳ app/controllers/users_controller.rb:9:in `create'
  [1m[36mDestination Load (0.1ms)[0m  [1m[34mSELECT "destinations".* FROM "destinations" WHERE "destinations"."user_id" = ?[0m  [["user_id", 2]]
  ↳ app/controllers/users_controller.rb:11:in `create'
Completed 200 OK in 32ms (Views: 24.0ms | ActiveRecord: 1.9ms | Allocations: 12408)


Started GET "//destinations" for ::1 at 2021-02-19 20:24:43 -0700
Processing by DestinationsController#index as */*
  Parameters: {"destination"=>{}}
  [1m[36mDestination Load (0.2ms)[0m  [1m[34mSELECT "destinations".* FROM "destinations"[0m
  ↳ app/controllers/destinations_controller.rb:4:in `index'
Completed 200 OK in 2ms (Views: 1.8ms | ActiveRecord: 0.2ms | Allocations: 1299)


Started POST "//users" for ::1 at 2021-02-19 20:24:48 -0700
Processing by UsersController#create as JSON
  Parameters: {"name"=>"Jordan", "user"=>{"name"=>"Jordan"}}
  [1m[36mUser Load (0.1ms)[0m  [1m[34mSELECT "users".* FROM "users" WHERE "users"."name" = ? LIMIT ?[0m  [["name", "Jordan"], ["LIMIT", 1]]
  ↳ app/controllers/users_controller.rb:9:in `create'
  [1m[36mDestination Load (0.1ms)[0m  [1m[34mSELECT "destinations".* FROM "destinations" WHERE "destinations"."user_id" = ?[0m  [["user_id", 2]]
  ↳ app/controllers/users_controller.rb:11:in `create'
Completed 200 OK in 3ms (Views: 1.7ms | ActiveRecord: 0.2ms | Allocations: 1811)


Started GET "//destinations" for ::1 at 2021-02-19 20:25:57 -0700
Processing by DestinationsController#index as */*
  Parameters: {"destination"=>{}}
  [1m[36mDestination Load (0.2ms)[0m  [1m[34mSELECT "destinations".* FROM "destinations"[0m
  ↳ app/controllers/destinations_controller.rb:4:in `index'
Completed 200 OK in 3ms (Views: 2.5ms | ActiveRecord: 0.2ms | Allocations: 1262)


Started POST "//users" for ::1 at 2021-02-19 20:26:01 -0700
Processing by UsersController#create as JSON
  Parameters: {"name"=>"Jordan", "user"=>{"name"=>"Jordan"}}
  [1m[36mUser Load (0.1ms)[0m  [1m[34mSELECT "users".* FROM "users" WHERE "users"."name" = ? LIMIT ?[0m  [["name", "Jordan"], ["LIMIT", 1]]
  ↳ app/controllers/users_controller.rb:9:in `create'
  [1m[36mDestination Load (0.1ms)[0m  [1m[34mSELECT "destinations".* FROM "destinations" WHERE "destinations"."user_id" = ?[0m  [["user_id", 2]]
  ↳ app/controllers/users_controller.rb:11:in `create'
Completed 200 OK in 3ms (Views: 1.6ms | ActiveRecord: 0.2ms | Allocations: 1811)


